<?xml version="1.0" encoding="UTF-8"?>
<!-- Generated by org.testng.reporters.JUnitReportReporter -->
<testsuite hostname="Wolf-Beast" failures="0" tests="9" name="testingbaba_test.Alerts_Test" time="16.471" errors="0" timestamp="2024-09-27T00:23:46 IST" skipped="0">
  <testcase classname="testingbaba_test.Alerts_Test" name="getTitle_TestingBaba" time="0.057"/>
  <testcase classname="testingbaba_test.Alerts_Test" name="clickOnClosebtn" time="0.414"/>
  <testcase classname="testingbaba_test.Alerts_Test" name="clickOnPractice" time="3.879"/>
  <testcase classname="testingbaba_test.Alerts_Test" name="clickOnAlertFrameAndWindows" time="0.243"/>
  <testcase classname="testingbaba_test.Alerts_Test" name="clickOnAlert" time="0.285"/>
  <testcase classname="testingbaba_test.Alerts_Test" name="clickOnSeeAlertMe" time="2.325"/>
  <testcase classname="testingbaba_test.Alerts_Test" name="clickOnSeeAlertAfter5Sec" time="6.415"/>
  <testcase classname="testingbaba_test.Alerts_Test" name="clickOnAlertwithChoice" time="0.373"/>
  <testcase classname="testingbaba_test.Alerts_Test" name="clickAlertPrompBoxAndSendKey" time="2.480"/>
</testsuite> <!-- testingbaba_test.Alerts_Test -->
