<?xml version="1.0" encoding="UTF-8"?>
<!-- Generated by org.testng.reporters.JUnitReportReporter -->
<testsuite hostname="Wolf-Beast" failures="0" tests="10" name="testingbaba_test.WebTable_Test" time="10.546" errors="0" timestamp="2024-09-25T12:38:41 IST" skipped="0">
  <testcase classname="testingbaba_test.WebTable_Test" name="getTitle_TestingBaba" time="0.068"/>
  <testcase classname="testingbaba_test.WebTable_Test" name="clickOnClosebtn" time="0.605"/>
  <testcase classname="testingbaba_test.WebTable_Test" name="clickOnPractice" time="3.845"/>
  <testcase classname="testingbaba_test.WebTable_Test" name="clickOnElements" time="0.320"/>
  <testcase classname="testingbaba_test.WebTable_Test" name="clickOnWebTableBtn" time="0.529"/>
  <testcase classname="testingbaba_test.WebTable_Test" name="enterValueName" time="0.694"/>
  <testcase classname="testingbaba_test.WebTable_Test" name="enterValueEmail" time="2.727"/>
  <testcase classname="testingbaba_test.WebTable_Test" name="clickonSaveBtn" time="0.946"/>
  <testcase classname="testingbaba_test.WebTable_Test" name="ValidateName" time="0.359"/>
  <testcase classname="testingbaba_test.WebTable_Test" name="ValidateEmail" time="0.453"/>
</testsuite> <!-- testingbaba_test.WebTable_Test -->
