<?xml version="1.0" encoding="UTF-8"?>
<!-- Generated by org.testng.reporters.JUnitReportReporter -->
<testsuite hostname="Wolf-Beast" failures="0" tests="11" name="testingbaba_test.Practice_Checkbox_Test" time="7.748" errors="0" timestamp="2024-09-24T17:15:44 IST" skipped="0">
  <testcase classname="testingbaba_test.Practice_Checkbox_Test" name="getTitle_TestingBaba" time="0.072"/>
  <testcase classname="testingbaba_test.Practice_Checkbox_Test" name="clickOnClosebtn" time="0.577"/>
  <testcase classname="testingbaba_test.Practice_Checkbox_Test" name="clickOnPractice" time="3.362"/>
  <testcase classname="testingbaba_test.Practice_Checkbox_Test" name="clickOnElements" time="0.311"/>
  <testcase classname="testingbaba_test.Practice_Checkbox_Test" name="clickOnCkeckboxBtn" time="0.540"/>
  <testcase classname="testingbaba_test.Practice_Checkbox_Test" name="clickOnMobileCheckbox" time="1.530"/>
  <testcase classname="testingbaba_test.Practice_Checkbox_Test" name="verifyMobileClicked" time="0.156"/>
  <testcase classname="testingbaba_test.Practice_Checkbox_Test" name="clickOnLaptopCheck" time="0.523"/>
  <testcase classname="testingbaba_test.Practice_Checkbox_Test" name="verifyLaptopClicked" time="0.098"/>
  <testcase classname="testingbaba_test.Practice_Checkbox_Test" name="ckickOnDesktopCheck" time="0.455"/>
  <testcase classname="testingbaba_test.Practice_Checkbox_Test" name="verifyDesktopClicked" time="0.124"/>
</testsuite> <!-- testingbaba_test.Practice_Checkbox_Test -->
