<?xml version="1.0" encoding="UTF-8"?>
<!-- Generated by org.testng.reporters.JUnitReportReporter -->
<testsuite hostname="Wolf-Beast" failures="0" tests="10" name="testingbaba_test.Practice_TextPage_Test" time="8.312" errors="0" timestamp="2024-09-24T17:16:41 IST" skipped="0">
  <testcase classname="testingbaba_test.Practice_TextPage_Test" name="getTitle_TestingBaba" time="0.072"/>
  <testcase classname="testingbaba_test.Practice_TextPage_Test" name="clickOnClosebtn" time="0.366"/>
  <testcase classname="testingbaba_test.Practice_TextPage_Test" name="clickOnPractice" time="3.038"/>
  <testcase classname="testingbaba_test.Practice_TextPage_Test" name="clickOnElements" time="0.197"/>
  <testcase classname="testingbaba_test.Practice_TextPage_Test" name="clickOnTextbox" time="0.270"/>
  <testcase classname="testingbaba_test.Practice_TextPage_Test" name="enterValueFullName" time="3.137"/>
  <testcase classname="testingbaba_test.Practice_TextPage_Test" name="enterValueEmail" time="0.370"/>
  <testcase classname="testingbaba_test.Practice_TextPage_Test" name="enterValueCurrentAddress" time="0.325"/>
  <testcase classname="testingbaba_test.Practice_TextPage_Test" name="enterValuePermanentAddress" time="0.407"/>
  <testcase classname="testingbaba_test.Practice_TextPage_Test" name="clickOnSubmitBTn" time="0.130"/>
</testsuite> <!-- testingbaba_test.Practice_TextPage_Test -->
