<?xml version="1.0" encoding="UTF-8"?>
<!-- Generated by org.testng.reporters.JUnitReportReporter -->
<testsuite hostname="Wolf-Beast" failures="0" tests="3" name="testingbaba_test.Login_Test" time="3.268" errors="0" timestamp="2024-10-17T14:40:18 IST" skipped="0">
  <testcase classname="testingbaba_test.Login_Test" name="getTitle_TestingBaba" time="0.058"/>
  <testcase classname="testingbaba_test.Login_Test" name="clickOnClosebtn" time="0.224"/>
  <testcase classname="testingbaba_test.Login_Test" name="clickOnPractice" time="2.986"/>
</testsuite> <!-- testingbaba_test.Login_Test -->
