<?xml version="1.0" encoding="UTF-8"?>
<!-- Generated by org.testng.reporters.JUnitReportReporter -->
<testsuite hostname="Wolf-Beast" failures="0" tests="9" name="testingbaba_test.Use_Of_ActionsClass_Test" time="16.025" errors="0" timestamp="2024-10-06T10:40:52 IST" skipped="0">
  <testcase classname="testingbaba_test.Use_Of_ActionsClass_Test" name="getTitle_TestingBaba" time="0.047"/>
  <testcase classname="testingbaba_test.Use_Of_ActionsClass_Test" name="clickOnClosebtn" time="0.367"/>
  <testcase classname="testingbaba_test.Use_Of_ActionsClass_Test" name="clickOnPractice" time="3.907"/>
  <testcase classname="testingbaba_test.Use_Of_ActionsClass_Test" name="clickOnWidgits" time="0.301"/>
  <testcase classname="testingbaba_test.Use_Of_ActionsClass_Test" name="clickOnToolTips" time="0.437"/>
  <testcase classname="testingbaba_test.Use_Of_ActionsClass_Test" name="hoverOnHoverMeButton" time="3.324"/>
  <testcase classname="testingbaba_test.Use_Of_ActionsClass_Test" name="checkHoverText" time="0.299"/>
  <testcase classname="testingbaba_test.Use_Of_ActionsClass_Test" name="performRightClick" time="6.612"/>
  <testcase classname="testingbaba_test.Use_Of_ActionsClass_Test" name="clickOnInteractions" time="0.731"/>
</testsuite> <!-- testingbaba_test.Use_Of_ActionsClass_Test -->
