<?xml version="1.0" encoding="UTF-8"?>
<!-- Generated by org.testng.reporters.JUnitReportReporter -->
<testsuite hostname="Wolf-Beast" failures="0" tests="6" name="testingbaba_test.Contect_page_Test" time="5.316" errors="0" timestamp="2024-09-23T11:14:59 IST" skipped="0">
  <testcase classname="testingbaba_test.Contect_page_Test" name="getTitle_TestingBaba" time="0.070"/>
  <testcase classname="testingbaba_test.Contect_page_Test" name="clickOnClosebtn" time="0.383"/>
  <testcase classname="testingbaba_test.Contect_page_Test" name="clickOnContactLinkText" time="3.106"/>
  <testcase classname="testingbaba_test.Contect_page_Test" name="enterValueName" time="0.804"/>
  <testcase classname="testingbaba_test.Contect_page_Test" name="enterValueEmailID" time="0.527"/>
  <testcase classname="testingbaba_test.Contect_page_Test" name="enterValueMobNum" time="0.426"/>
</testsuite> <!-- testingbaba_test.Contect_page_Test -->
