<?xml version="1.0" encoding="UTF-8"?>
<!-- Generated by org.testng.reporters.JUnitReportReporter -->
<testsuite hostname="Wolf-Beast" failures="0" tests="6" name="testingbaba_test.Upload_Test" time="4.839" errors="0" timestamp="2024-09-27T15:23:07 IST" skipped="0">
  <testcase classname="testingbaba_test.Upload_Test" name="getTitle_TestingBaba" time="0.083"/>
  <testcase classname="testingbaba_test.Upload_Test" name="clickOnClosebtn" time="0.400"/>
  <testcase classname="testingbaba_test.Upload_Test" name="clickOnPractice" time="3.370"/>
  <testcase classname="testingbaba_test.Upload_Test" name="clickOnElements" time="0.324"/>
  <testcase classname="testingbaba_test.Upload_Test" name="clickOnUploadAndDownload" time="0.373"/>
  <testcase classname="testingbaba_test.Upload_Test" name="clickOnChooseFile" time="0.289"/>
</testsuite> <!-- testingbaba_test.Upload_Test -->
