<?xml version="1.0" encoding="UTF-8"?>
<!-- Generated by org.testng.reporters.JUnitReportReporter -->
<testsuite hostname="Wolf-Beast" failures="0" tests="9" name="testingbaba_test.Practice_RadioButtons_Test" time="6.372" errors="0" timestamp="2024-09-24T16:21:59 IST" skipped="0">
  <testcase classname="testingbaba_test.Practice_RadioButtons_Test" name="getTitle_TestingBaba" time="0.063"/>
  <testcase classname="testingbaba_test.Practice_RadioButtons_Test" name="clickOnClosebtn" time="0.668"/>
  <testcase classname="testingbaba_test.Practice_RadioButtons_Test" name="clickOnPractice" time="3.685"/>
  <testcase classname="testingbaba_test.Practice_RadioButtons_Test" name="clickOnElements" time="0.346"/>
  <testcase classname="testingbaba_test.Practice_RadioButtons_Test" name="clickOnRadioBtn" time="0.441"/>
  <testcase classname="testingbaba_test.Practice_RadioButtons_Test" name="clickOnYes" time="0.425"/>
  <testcase classname="testingbaba_test.Practice_RadioButtons_Test" name="clickOnImpressive" time="0.304"/>
  <testcase classname="testingbaba_test.Practice_RadioButtons_Test" name="clickOnNo" time="0.294"/>
  <testcase classname="testingbaba_test.Practice_RadioButtons_Test" name="CheckRadiobutton" time="0.146"/>
</testsuite> <!-- testingbaba_test.Practice_RadioButtons_Test -->
