<?xml version="1.0" encoding="UTF-8"?>
<!-- Generated by org.testng.reporters.JUnitReportReporter -->
<testsuite hostname="Wolf-Beast" failures="0" tests="7" name="testingbaba_test.DropDown_Menu_Test" time="7.613" errors="0" timestamp="2024-10-03T16:38:50 IST" skipped="0">
  <testcase classname="testingbaba_test.DropDown_Menu_Test" name="getTitle_TestingBaba" time="0.067"/>
  <testcase classname="testingbaba_test.DropDown_Menu_Test" name="clickOnClosebtn" time="0.781"/>
  <testcase classname="testingbaba_test.DropDown_Menu_Test" name="clickOnPractice" time="3.985"/>
  <testcase classname="testingbaba_test.DropDown_Menu_Test" name="clickOnWidgits" time="0.267"/>
  <testcase classname="testingbaba_test.DropDown_Menu_Test" name="clickOnSelectMenu" time="0.343"/>
  <testcase classname="testingbaba_test.DropDown_Menu_Test" name="clickOnDropdownFirst" time="0.988"/>
  <testcase classname="testingbaba_test.DropDown_Menu_Test" name="clickOnDropdownSecond" time="1.182"/>
</testsuite> <!-- testingbaba_test.DropDown_Menu_Test -->
